Analysis & Synthesis report for zuckberberg
Sat Jan 16 13:53:20 2021
Quartus II 64-Bit Version 13.0.1 Build 232 06/12/2013 Service Pack 1 SJ Web Edition


---------------------
; Table of Contents ;
---------------------
  1. Legal Notice
  2. Analysis & Synthesis Summary
  3. Analysis & Synthesis Settings
  4. Parallel Compilation
  5. Analysis & Synthesis Source Files Read
  6. Analysis & Synthesis Resource Usage Summary
  7. Analysis & Synthesis Resource Utilization by Entity
  8. Registers Removed During Synthesis
  9. General Register Statistics
 10. Inverted Register Statistics
 11. Multiplexer Restructuring Statistics (Restructuring Performed)
 12. Port Connectivity Checks: "bird:br1"
 13. Port Connectivity Checks: "keypad:kp1"
 14. Elapsed Time Per Partition
 15. Analysis & Synthesis Messages



----------------
; Legal Notice ;
----------------
Copyright (C) 1991-2013 Altera Corporation
Your use of Altera Corporation's design tools, logic functions 
and other software and tools, and its AMPP partner logic 
functions, and any output files from any of the foregoing 
(including device programming or simulation files), and any 
associated documentation or information are expressly subject 
to the terms and conditions of the Altera Program License 
Subscription Agreement, Altera MegaCore Function License 
Agreement, or other applicable license agreement, including, 
without limitation, that your use is for the sole purpose of 
programming logic devices manufactured by Altera and sold by 
Altera or its authorized distributors.  Please refer to the 
applicable agreement for further details.



+--------------------------------------------------------------------------------------+
; Analysis & Synthesis Summary                                                         ;
+------------------------------------+-------------------------------------------------+
; Analysis & Synthesis Status        ; Successful - Sat Jan 16 13:53:20 2021           ;
; Quartus II 64-Bit Version          ; 13.0.1 Build 232 06/12/2013 SP 1 SJ Web Edition ;
; Revision Name                      ; zuckberberg                                     ;
; Top-level Entity Name              ; zuckberberg                                     ;
; Family                             ; Cyclone IV E                                    ;
; Total logic elements               ; 4,342                                           ;
;     Total combinational functions  ; 2,405                                           ;
;     Dedicated logic registers      ; 2,328                                           ;
; Total registers                    ; 2328                                            ;
; Total pins                         ; 21                                              ;
; Total virtual pins                 ; 0                                               ;
; Total memory bits                  ; 0                                               ;
; Embedded Multiplier 9-bit elements ; 0                                               ;
; Total PLLs                         ; 0                                               ;
+------------------------------------+-------------------------------------------------+


+----------------------------------------------------------------------------------------------------------------------+
; Analysis & Synthesis Settings                                                                                        ;
+----------------------------------------------------------------------------+--------------------+--------------------+
; Option                                                                     ; Setting            ; Default Value      ;
+----------------------------------------------------------------------------+--------------------+--------------------+
; Device                                                                     ; EP4CE22F17C6       ;                    ;
; Top-level entity name                                                      ; zuckberberg        ; zuckberberg        ;
; Family name                                                                ; Cyclone IV E       ; Cyclone IV GX      ;
; Use smart compilation                                                      ; Off                ; Off                ;
; Enable parallel Assembler and TimeQuest Timing Analyzer during compilation ; On                 ; On                 ;
; Enable compact report table                                                ; Off                ; Off                ;
; Restructure Multiplexers                                                   ; Auto               ; Auto               ;
; Create Debugging Nodes for IP Cores                                        ; Off                ; Off                ;
; Preserve fewer node names                                                  ; On                 ; On                 ;
; Disable OpenCore Plus hardware evaluation                                  ; Off                ; Off                ;
; Verilog Version                                                            ; Verilog_2001       ; Verilog_2001       ;
; VHDL Version                                                               ; VHDL_1993          ; VHDL_1993          ;
; State Machine Processing                                                   ; Auto               ; Auto               ;
; Safe State Machine                                                         ; Off                ; Off                ;
; Extract Verilog State Machines                                             ; On                 ; On                 ;
; Extract VHDL State Machines                                                ; On                 ; On                 ;
; Ignore Verilog initial constructs                                          ; Off                ; Off                ;
; Iteration limit for constant Verilog loops                                 ; 5000               ; 5000               ;
; Iteration limit for non-constant Verilog loops                             ; 250                ; 250                ;
; Add Pass-Through Logic to Inferred RAMs                                    ; On                 ; On                 ;
; Infer RAMs from Raw Logic                                                  ; On                 ; On                 ;
; Parallel Synthesis                                                         ; On                 ; On                 ;
; DSP Block Balancing                                                        ; Auto               ; Auto               ;
; NOT Gate Push-Back                                                         ; On                 ; On                 ;
; Power-Up Don't Care                                                        ; On                 ; On                 ;
; Remove Redundant Logic Cells                                               ; Off                ; Off                ;
; Remove Duplicate Registers                                                 ; On                 ; On                 ;
; Ignore CARRY Buffers                                                       ; Off                ; Off                ;
; Ignore CASCADE Buffers                                                     ; Off                ; Off                ;
; Ignore GLOBAL Buffers                                                      ; Off                ; Off                ;
; Ignore ROW GLOBAL Buffers                                                  ; Off                ; Off                ;
; Ignore LCELL Buffers                                                       ; Off                ; Off                ;
; Ignore SOFT Buffers                                                        ; On                 ; On                 ;
; Limit AHDL Integers to 32 Bits                                             ; Off                ; Off                ;
; Optimization Technique                                                     ; Balanced           ; Balanced           ;
; Carry Chain Length                                                         ; 70                 ; 70                 ;
; Auto Carry Chains                                                          ; On                 ; On                 ;
; Auto Open-Drain Pins                                                       ; On                 ; On                 ;
; Perform WYSIWYG Primitive Resynthesis                                      ; Off                ; Off                ;
; Auto ROM Replacement                                                       ; On                 ; On                 ;
; Auto RAM Replacement                                                       ; On                 ; On                 ;
; Auto DSP Block Replacement                                                 ; On                 ; On                 ;
; Auto Shift Register Replacement                                            ; Auto               ; Auto               ;
; Allow Shift Register Merging across Hierarchies                            ; Auto               ; Auto               ;
; Auto Clock Enable Replacement                                              ; On                 ; On                 ;
; Strict RAM Replacement                                                     ; Off                ; Off                ;
; Allow Synchronous Control Signals                                          ; On                 ; On                 ;
; Force Use of Synchronous Clear Signals                                     ; Off                ; Off                ;
; Auto RAM Block Balancing                                                   ; On                 ; On                 ;
; Auto RAM to Logic Cell Conversion                                          ; Off                ; Off                ;
; Auto Resource Sharing                                                      ; Off                ; Off                ;
; Allow Any RAM Size For Recognition                                         ; Off                ; Off                ;
; Allow Any ROM Size For Recognition                                         ; Off                ; Off                ;
; Allow Any Shift Register Size For Recognition                              ; Off                ; Off                ;
; Use LogicLock Constraints during Resource Balancing                        ; On                 ; On                 ;
; Ignore translate_off and synthesis_off directives                          ; Off                ; Off                ;
; Timing-Driven Synthesis                                                    ; On                 ; On                 ;
; Report Parameter Settings                                                  ; On                 ; On                 ;
; Report Source Assignments                                                  ; On                 ; On                 ;
; Report Connectivity Checks                                                 ; On                 ; On                 ;
; Ignore Maximum Fan-Out Assignments                                         ; Off                ; Off                ;
; Synchronization Register Chain Length                                      ; 2                  ; 2                  ;
; PowerPlay Power Optimization                                               ; Normal compilation ; Normal compilation ;
; HDL message level                                                          ; Level2             ; Level2             ;
; Suppress Register Optimization Related Messages                            ; Off                ; Off                ;
; Number of Removed Registers Reported in Synthesis Report                   ; 5000               ; 5000               ;
; Number of Swept Nodes Reported in Synthesis Report                         ; 5000               ; 5000               ;
; Number of Inverted Registers Reported in Synthesis Report                  ; 100                ; 100                ;
; Clock MUX Protection                                                       ; On                 ; On                 ;
; Auto Gated Clock Conversion                                                ; Off                ; Off                ;
; Block Design Naming                                                        ; Auto               ; Auto               ;
; SDC constraint protection                                                  ; Off                ; Off                ;
; Synthesis Effort                                                           ; Auto               ; Auto               ;
; Shift Register Replacement - Allow Asynchronous Clear Signal               ; On                 ; On                 ;
; Pre-Mapping Resynthesis Optimization                                       ; Off                ; Off                ;
; Analysis & Synthesis Message Level                                         ; Medium             ; Medium             ;
; Disable Register Merging Across Hierarchies                                ; Auto               ; Auto               ;
; Resource Aware Inference For Block RAM                                     ; On                 ; On                 ;
; Synthesis Seed                                                             ; 1                  ; 1                  ;
+----------------------------------------------------------------------------+--------------------+--------------------+


Parallel compilation was disabled, but you have multiple processors available. Enable parallel compilation to reduce compilation time.
+-------------------------------------+
; Parallel Compilation                ;
+----------------------------+--------+
; Processors                 ; Number ;
+----------------------------+--------+
; Number detected on machine ; 12     ;
; Maximum allowed            ; 1      ;
+----------------------------+--------+


+-------------------------------------------------------------------------------------------------------------------------------------------------------------------------------------------+
; Analysis & Synthesis Source Files Read                                                                                                                                                    ;
+----------------------------------+-----------------+------------------------------+---------------------------------------------------------------------------------------------+---------+
; File Name with User-Entered Path ; Used in Netlist ; File Type                    ; File Name with Absolute Path                                                                ; Library ;
+----------------------------------+-----------------+------------------------------+---------------------------------------------------------------------------------------------+---------+
; output_files/alternate.v         ; yes             ; User Verilog HDL File        ; C:/Users/adoni/Desktop/school/kadir_hizarci_bugra_akdeniz_project2/output_files/alternate.v ;         ;
; ram.dat                          ; yes             ; Auto-Found Unspecified File  ; C:/Users/adoni/Desktop/school/kadir_hizarci_bugra_akdeniz_project2/ram.dat                  ;         ;
+----------------------------------+-----------------+------------------------------+---------------------------------------------------------------------------------------------+---------+


+---------------------------------------------------------+
; Analysis & Synthesis Resource Usage Summary             ;
+---------------------------------------------+-----------+
; Resource                                    ; Usage     ;
+---------------------------------------------+-----------+
; Estimated Total logic elements              ; 4,342     ;
;                                             ;           ;
; Total combinational functions               ; 2405      ;
; Logic element usage by number of LUT inputs ;           ;
;     -- 4 input functions                    ; 1835      ;
;     -- 3 input functions                    ; 212       ;
;     -- <=2 input functions                  ; 358       ;
;                                             ;           ;
; Logic elements by mode                      ;           ;
;     -- normal mode                          ; 2310      ;
;     -- arithmetic mode                      ; 95        ;
;                                             ;           ;
; Total registers                             ; 2328      ;
;     -- Dedicated logic registers            ; 2328      ;
;     -- I/O registers                        ; 0         ;
;                                             ;           ;
; I/O pins                                    ; 21        ;
; Embedded Multiplier 9-bit elements          ; 0         ;
; Maximum fan-out node                        ; clk~input ;
; Maximum fan-out                             ; 2089      ;
; Total fan-out                               ; 15391     ;
; Average fan-out                             ; 3.22      ;
+---------------------------------------------+-----------+


+---------------------------------------------------------------------------------------------------------------------------------------------------------------------------------------+
; Analysis & Synthesis Resource Utilization by Entity                                                                                                                                   ;
+----------------------------+-------------------+--------------+-------------+--------------+---------+-----------+------+--------------+-------------------------------+--------------+
; Compilation Hierarchy Node ; LC Combinationals ; LC Registers ; Memory Bits ; DSP Elements ; DSP 9x9 ; DSP 18x18 ; Pins ; Virtual Pins ; Full Hierarchy Name           ; Library Name ;
+----------------------------+-------------------+--------------+-------------+--------------+---------+-----------+------+--------------+-------------------------------+--------------+
; |zuckberberg               ; 2405 (1832)       ; 2328 (2080)  ; 0           ; 0            ; 0       ; 0         ; 21   ; 0            ; |zuckberberg                  ; work         ;
;    |bird:br1|              ; 458 (458)         ; 157 (157)    ; 0           ; 0            ; 0       ; 0         ; 0    ; 0            ; |zuckberberg|bird:br1         ; work         ;
;    |keypad:kp1|            ; 81 (81)           ; 84 (84)      ; 0           ; 0            ; 0       ; 0         ; 0    ; 0            ; |zuckberberg|keypad:kp1       ; work         ;
;    |sevensegment:ss1|      ; 34 (34)           ; 7 (7)        ; 0           ; 0            ; 0       ; 0         ; 0    ; 0            ; |zuckberberg|sevensegment:ss1 ; work         ;
+----------------------------+-------------------+--------------+-------------+--------------+---------+-----------+------+--------------+-------------------------------+--------------+
Note: For table entries with two numbers listed, the numbers in parentheses indicate the number of resources of the given type used by the specific entity alone. The numbers listed outside of parentheses indicate the total resources of the given type used by the specific entity and all of its sub-entities in the hierarchy.


+---------------------------------------------------------------------------------+
; Registers Removed During Synthesis                                              ;
+----------------------------------------+----------------------------------------+
; Register name                          ; Reason for Removal                     ;
+----------------------------------------+----------------------------------------+
; bird:br1|state[4]                      ; Stuck at GND due to stuck port data_in ;
; keypad:kp1|clk1[0]                     ; Merged with clk1[0]                    ;
; sevensegment:ss1|clk1[0]               ; Merged with clk1[0]                    ;
; keypad:kp1|clk1[1]                     ; Merged with clk1[1]                    ;
; sevensegment:ss1|clk1[1]               ; Merged with clk1[1]                    ;
; keypad:kp1|clk1[2]                     ; Merged with clk1[2]                    ;
; sevensegment:ss1|clk1[2]               ; Merged with clk1[2]                    ;
; keypad:kp1|clk1[3]                     ; Merged with clk1[3]                    ;
; sevensegment:ss1|clk1[3]               ; Merged with clk1[3]                    ;
; keypad:kp1|clk1[4]                     ; Merged with clk1[4]                    ;
; sevensegment:ss1|clk1[4]               ; Merged with clk1[4]                    ;
; keypad:kp1|clk1[5]                     ; Merged with clk1[5]                    ;
; sevensegment:ss1|clk1[5]               ; Merged with clk1[5]                    ;
; keypad:kp1|clk1[6]                     ; Merged with clk1[6]                    ;
; sevensegment:ss1|clk1[6]               ; Merged with clk1[6]                    ;
; keypad:kp1|clk1[7]                     ; Merged with clk1[7]                    ;
; sevensegment:ss1|clk1[7]               ; Merged with clk1[7]                    ;
; keypad:kp1|clk1[8]                     ; Merged with clk1[8]                    ;
; sevensegment:ss1|clk1[8]               ; Merged with clk1[8]                    ;
; keypad:kp1|clk1[9]                     ; Merged with clk1[9]                    ;
; sevensegment:ss1|clk1[9]               ; Merged with clk1[9]                    ;
; keypad:kp1|clk1[10]                    ; Merged with clk1[10]                   ;
; sevensegment:ss1|clk1[10]              ; Merged with clk1[10]                   ;
; keypad:kp1|clk1[11]                    ; Merged with clk1[11]                   ;
; sevensegment:ss1|clk1[11]              ; Merged with clk1[11]                   ;
; keypad:kp1|clk1[12]                    ; Merged with clk1[12]                   ;
; sevensegment:ss1|clk1[12]              ; Merged with clk1[12]                   ;
; keypad:kp1|clk1[13]                    ; Merged with clk1[13]                   ;
; sevensegment:ss1|clk1[13]              ; Merged with clk1[13]                   ;
; keypad:kp1|clk1[14]                    ; Merged with clk1[14]                   ;
; sevensegment:ss1|clk1[14]              ; Merged with clk1[14]                   ;
; keypad:kp1|clk1[16..25]                ; Lost fanout                            ;
; sevensegment:ss1|clk1[16..25]          ; Lost fanout                            ;
; clk1[16..25]                           ; Lost fanout                            ;
; Total Number of Removed Registers = 61 ;                                        ;
+----------------------------------------+----------------------------------------+


+------------------------------------------------------+
; General Register Statistics                          ;
+----------------------------------------------+-------+
; Statistic                                    ; Value ;
+----------------------------------------------+-------+
; Total registers                              ; 2328  ;
; Number of registers using Synchronous Clear  ; 0     ;
; Number of registers using Synchronous Load   ; 28    ;
; Number of registers using Asynchronous Clear ; 0     ;
; Number of registers using Asynchronous Load  ; 0     ;
; Number of registers using Clock Enable       ; 2240  ;
; Number of registers using Preset             ; 0     ;
+----------------------------------------------+-------+


+--------------------------------------------------+
; Inverted Register Statistics                     ;
+----------------------------------------+---------+
; Inverted Register                      ; Fan out ;
+----------------------------------------+---------+
; keypad:kp1|rowwrite[1]                 ; 6       ;
; keypad:kp1|rowwrite[2]                 ; 6       ;
; keypad:kp1|rowwrite[3]                 ; 6       ;
; sevensegment:ss1|grounds[1]            ; 2       ;
; sevensegment:ss1|grounds[2]            ; 2       ;
; sevensegment:ss1|grounds[3]            ; 2       ;
; Total number of inverted registers = 6 ;         ;
+----------------------------------------+---------+


+----------------------------------------------------------------------------------------------------------------------------------------------------+
; Multiplexer Restructuring Statistics (Restructuring Performed)                                                                                     ;
+--------------------+-----------+---------------+----------------------+------------------------+------------+--------------------------------------+
; Multiplexer Inputs ; Bus Width ; Baseline Area ; Area if Restructured ; Saving if Restructured ; Registered ; Example Multiplexer Output           ;
+--------------------+-----------+---------------+----------------------+------------------------+------------+--------------------------------------+
; 17:1               ; 2 bits    ; 22 LEs        ; 12 LEs               ; 10 LEs                 ; Yes        ; |zuckberberg|bird:br1|state[3]       ;
; 17:1               ; 2 bits    ; 22 LEs        ; 14 LEs               ; 8 LEs                  ; Yes        ; |zuckberberg|bird:br1|state[0]       ;
; 16:1               ; 16 bits   ; 160 LEs       ; 16 LEs               ; 144 LEs                ; Yes        ; |zuckberberg|bird:br1|regbank[6][15] ;
; 16:1               ; 16 bits   ; 160 LEs       ; 16 LEs               ; 144 LEs                ; Yes        ; |zuckberberg|bird:br1|regbank[5][15] ;
; 16:1               ; 16 bits   ; 160 LEs       ; 16 LEs               ; 144 LEs                ; Yes        ; |zuckberberg|bird:br1|regbank[4][12] ;
; 16:1               ; 16 bits   ; 160 LEs       ; 16 LEs               ; 144 LEs                ; Yes        ; |zuckberberg|bird:br1|regbank[3][13] ;
; 16:1               ; 16 bits   ; 160 LEs       ; 16 LEs               ; 144 LEs                ; Yes        ; |zuckberberg|bird:br1|regbank[2][4]  ;
; 16:1               ; 16 bits   ; 160 LEs       ; 16 LEs               ; 144 LEs                ; Yes        ; |zuckberberg|bird:br1|regbank[1][15] ;
; 16:1               ; 16 bits   ; 160 LEs       ; 16 LEs               ; 144 LEs                ; Yes        ; |zuckberberg|bird:br1|regbank[0][4]  ;
; 11:1               ; 4 bits    ; 28 LEs        ; 8 LEs                ; 20 LEs                 ; Yes        ; |zuckberberg|bird:br1|regbank[7][15] ;
; 10:1               ; 12 bits   ; 72 LEs        ; 24 LEs               ; 48 LEs                 ; Yes        ; |zuckberberg|bird:br1|pc[10]         ;
; 11:1               ; 12 bits   ; 84 LEs        ; 24 LEs               ; 60 LEs                 ; Yes        ; |zuckberberg|bird:br1|regbank[7][7]  ;
; 4:1                ; 4 bits    ; 8 LEs         ; 8 LEs                ; 0 LEs                  ; No         ; |zuckberberg|sevensegment:ss1|Mux0   ;
; 8:1                ; 16 bits   ; 80 LEs        ; 80 LEs               ; 0 LEs                  ; No         ; |zuckberberg|bird:br1|Mux41          ;
; 8:1                ; 16 bits   ; 80 LEs        ; 80 LEs               ; 0 LEs                  ; No         ; |zuckberberg|bird:br1|Mux25          ;
; 4:1                ; 3 bits    ; 6 LEs         ; 6 LEs                ; 0 LEs                  ; No         ; |zuckberberg|data_in[3]              ;
; 12:1               ; 15 bits   ; 120 LEs       ; 60 LEs               ; 60 LEs                 ; No         ; |zuckberberg|bird:br1|Mux70          ;
; 4:1                ; 12 bits   ; 24 LEs        ; 24 LEs               ; 0 LEs                  ; No         ; |zuckberberg|bird:br1|Add4           ;
; 4:1                ; 4 bits    ; 8 LEs         ; 8 LEs                ; 0 LEs                  ; No         ; |zuckberberg|bird:br1|Add4           ;
; 7:1                ; 12 bits   ; 48 LEs        ; 24 LEs               ; 24 LEs                 ; No         ; |zuckberberg|bird:br1|Selector128    ;
; 3:1                ; 12 bits   ; 24 LEs        ; 12 LEs               ; 12 LEs                 ; No         ; |zuckberberg|bird:br1|Add4           ;
; 3:1                ; 4 bits    ; 8 LEs         ; 4 LEs                ; 4 LEs                  ; No         ; |zuckberberg|bird:br1|Add4           ;
+--------------------+-----------+---------------+----------------------+------------------------+------------+--------------------------------------+


+-------------------------------------------------------------------------------------------------------------------------------------+
; Port Connectivity Checks: "bird:br1"                                                                                                ;
+------+--------+----------+----------------------------------------------------------------------------------------------------------+
; Port ; Type   ; Severity ; Details                                                                                                  ;
+------+--------+----------+----------------------------------------------------------------------------------------------------------+
; reg0 ; Output ; Warning  ; Declared by entity but not connected by instance. Logic that only feeds a dangling port will be removed. ;
+------+--------+----------+----------------------------------------------------------------------------------------------------------+


+----------------------------------------------------------------------------------------------------------------------------------------------------------+
; Port Connectivity Checks: "keypad:kp1"                                                                                                                   ;
+--------+--------+----------+-----------------------------------------------------------------------------------------------------------------------------+
; Port   ; Type   ; Severity ; Details                                                                                                                     ;
+--------+--------+----------+-----------------------------------------------------------------------------------------------------------------------------+
; keyout ; Output ; Warning  ; Output or bidir port (16 bits) is wider than the port expression (4 bits) it drives; bit(s) "keyout[15..4]" have no fanouts ;
+--------+--------+----------+-----------------------------------------------------------------------------------------------------------------------------+


+-------------------------------+
; Elapsed Time Per Partition    ;
+----------------+--------------+
; Partition Name ; Elapsed Time ;
+----------------+--------------+
; Top            ; 00:00:07     ;
+----------------+--------------+


+-------------------------------+
; Analysis & Synthesis Messages ;
+-------------------------------+
Info: *******************************************************************
Info: Running Quartus II 64-Bit Analysis & Synthesis
    Info: Version 13.0.1 Build 232 06/12/2013 Service Pack 1 SJ Web Edition
    Info: Processing started: Sat Jan 16 13:53:11 2021
Info: Command: quartus_map --read_settings_files=on --write_settings_files=off homework1 -c zuckberberg
Warning (20028): Parallel compilation is not licensed and has been disabled
Warning (12019): Can't analyze file -- file zuckberberg.v is missing
Info (12021): Found 4 design units, including 4 entities, in source file output_files/alternate.v
    Info (12023): Found entity 1: zuckberberg
    Info (12023): Found entity 2: bird
    Info (12023): Found entity 3: sevensegment
    Info (12023): Found entity 4: keypad
Warning (12019): Can't analyze file -- file output_files/zuckberberg.v is missing
Info (12127): Elaborating entity "zuckberberg" for the top level hierarchy
Warning (10230): Verilog HDL assignment warning at alternate.v(21): truncated value with size 32 to match size of target (26)
Warning (10850): Verilog HDL warning at alternate.v(91): number of words (63) in memory file does not match the number of elements in the address range [0:127]
Info (12128): Elaborating entity "sevensegment" for hierarchy "sevensegment:ss1"
Warning (10230): Verilog HDL assignment warning at alternate.v(279): truncated value with size 32 to match size of target (2)
Warning (10230): Verilog HDL assignment warning at alternate.v(283): truncated value with size 32 to match size of target (26)
Info (12128): Elaborating entity "keypad" for hierarchy "keypad:kp1"
Warning (10230): Verilog HDL assignment warning at alternate.v(339): truncated value with size 32 to match size of target (26)
Info (12128): Elaborating entity "bird" for hierarchy "bird:br1"
Warning (10230): Verilog HDL assignment warning at alternate.v(144): truncated value with size 32 to match size of target (12)
Warning (10230): Verilog HDL assignment warning at alternate.v(150): truncated value with size 32 to match size of target (12)
Warning (10230): Verilog HDL assignment warning at alternate.v(180): truncated value with size 32 to match size of target (16)
Warning (10230): Verilog HDL assignment warning at alternate.v(186): truncated value with size 32 to match size of target (16)
Warning (10230): Verilog HDL assignment warning at alternate.v(198): truncated value with size 32 to match size of target (16)
Warning (10230): Verilog HDL assignment warning at alternate.v(205): truncated value with size 32 to match size of target (16)
Warning (10230): Verilog HDL assignment warning at alternate.v(211): truncated value with size 16 to match size of target (12)
Warning (10230): Verilog HDL assignment warning at alternate.v(221): truncated value with size 16 to match size of target (12)
Warning (10230): Verilog HDL assignment warning at alternate.v(247): truncated value with size 32 to match size of target (16)
Warning (10230): Verilog HDL assignment warning at alternate.v(248): truncated value with size 32 to match size of target (16)
Warning (10034): Output port "reg0" at alternate.v(105) has no driver
Info (276014): Found 1 instances of uninferred RAM logic
    Info (276007): RAM logic "memory" is uninferred due to asynchronous read logic
Warning (127007): Memory Initialization File or Hexadecimal (Intel-Format) File "C:/Users/adoni/Desktop/school/kadir_hizarci_bugra_akdeniz_project2/db/homework1.ram0_zuckberberg_32fd2176.hdl.mif" contains "don't care" values -- overwriting them with 0s
Warning (12241): 2 hierarchies have connectivity warnings - see the Connectivity Checks report folder
Info (286030): Timing-Driven Synthesis is running
Info (17049): 30 registers lost all their fanouts during netlist optimizations.
Info (16010): Generating hard_block partition "hard_block:auto_generated_inst"
    Info (16011): Adding 0 node(s), including 0 DDIO, 0 PLL, 0 transceiver and 0 LCELL
Warning (21074): Design contains 1 input pin(s) that do not drive logic
    Warning (15610): No output dependent on input pin "pushbutton"
Info (21057): Implemented 4408 device resources after synthesis - the final resource count might be different
    Info (21058): Implemented 6 input pins
    Info (21059): Implemented 15 output pins
    Info (21061): Implemented 4387 logic cells
Info: Quartus II 64-Bit Analysis & Synthesis was successful. 0 errors, 23 warnings
    Info: Peak virtual memory: 4608 megabytes
    Info: Processing ended: Sat Jan 16 13:53:20 2021
    Info: Elapsed time: 00:00:09
    Info: Total CPU time (on all processors): 00:00:09


